{"timestamp":"2026-01-04T02:12:24.625Z","userId":"695993c93cb2af054489eea1","userEmail":"admin@example.com","diagQuizzesFound":1,"diagIds":["6959b159ba3dde68f94957b1"],"hasDiag":true,"bestScore":100,"attemptsCount":30,"recentActivityCount":5}
{"timestamp":"2026-01-04T02:13:50.757Z","userId":"695993c93cb2af054489eea1","userEmail":"admin@example.com","diagQuizzesFound":1,"diagIds":["6959b159ba3dde68f94957b1"],"hasDiag":true,"bestScore":100,"attemptsCount":30,"recentActivityCount":5}
{"timestamp":"2026-01-04T02:13:51.282Z","userId":"695993c93cb2af054489eea1","userEmail":"admin@example.com","diagQuizzesFound":1,"diagIds":["6959b159ba3dde68f94957b1"],"hasDiag":true,"bestScore":100,"attemptsCount":30,"recentActivityCount":5}
{"timestamp":"2026-01-04T02:14:26.303Z","userId":"695993c93cb2af054489eea1","userEmail":"admin@example.com","diagQuizzesFound":1,"diagIds":["6959b159ba3dde68f94957b1"],"hasDiag":true,"bestScore":100,"attemptsCount":30,"recentActivityCount":5}
{"timestamp":"2026-01-04T02:14:26.802Z","userId":"695993c93cb2af054489eea1","userEmail":"admin@example.com","diagQuizzesFound":1,"diagIds":["6959b159ba3dde68f94957b1"],"hasDiag":true,"bestScore":100,"attemptsCount":30,"recentActivityCount":5}
{"timestamp":"2026-01-04T02:40:10.578Z","userId":"695993c93cb2af054489eea1","userEmail":"admin@example.com","diagQuizzesFound":1,"diagIds":["6959b159ba3dde68f94957b1"],"hasDiag":true,"bestScore":100,"attemptsCount":30,"recentActivityCount":5}
{"timestamp":"2026-01-04T02:40:11.085Z","userId":"695993c93cb2af054489eea1","userEmail":"admin@example.com","diagQuizzesFound":1,"diagIds":["6959b159ba3dde68f94957b1"],"hasDiag":true,"bestScore":100,"attemptsCount":30,"recentActivityCount":5}
{"timestamp":"2026-01-04T02:59:40.803Z","userId":"695993c93cb2af054489eea1","userEmail":"admin@example.com","diagQuizzesFound":1,"diagIds":["6959b159ba3dde68f94957b1"],"hasDiag":true,"bestScore":100,"attemptsCount":30,"recentActivityCount":5}
{"timestamp":"2026-01-04T02:59:41.302Z","userId":"695993c93cb2af054489eea1","userEmail":"admin@example.com","diagQuizzesFound":1,"diagIds":["6959b159ba3dde68f94957b1"],"hasDiag":true,"bestScore":100,"attemptsCount":30,"recentActivityCount":5}
{"timestamp":"2026-01-04T02:59:42.275Z","userId":"695993c93cb2af054489eea1","userEmail":"admin@example.com","diagQuizzesFound":1,"diagIds":["6959b159ba3dde68f94957b1"],"hasDiag":true,"bestScore":100,"attemptsCount":30,"recentActivityCount":5}
{"timestamp":"2026-01-04T02:59:42.679Z","userId":"695993c93cb2af054489eea1","userEmail":"admin@example.com","diagQuizzesFound":1,"diagIds":["6959b159ba3dde68f94957b1"],"hasDiag":true,"bestScore":100,"attemptsCount":30,"recentActivityCount":5}
{"timestamp":"2026-01-04T03:25:13.230Z","userId":"695993c93cb2af054489eea1","userEmail":"admin@example.com","diagQuizzesFound":1,"diagIds":["6959b159ba3dde68f94957b1"],"hasDiag":true,"bestScore":100,"attemptsCount":30,"recentActivityCount":5}
{"timestamp":"2026-01-04T03:25:13.734Z","userId":"695993c93cb2af054489eea1","userEmail":"admin@example.com","diagQuizzesFound":1,"diagIds":["6959b159ba3dde68f94957b1"],"hasDiag":true,"bestScore":100,"attemptsCount":30,"recentActivityCount":5}
{"timestamp":"2026-01-04T03:25:41.051Z","userId":"695993c93cb2af054489eea1","userEmail":"admin@example.com","diagQuizzesFound":1,"diagIds":["6959b159ba3dde68f94957b1"],"hasDiag":true,"bestScore":100,"attemptsCount":30,"recentActivityCount":5}
{"timestamp":"2026-01-04T03:25:41.545Z","userId":"695993c93cb2af054489eea1","userEmail":"admin@example.com","diagQuizzesFound":1,"diagIds":["6959b159ba3dde68f94957b1"],"hasDiag":true,"bestScore":100,"attemptsCount":30,"recentActivityCount":5}
{"timestamp":"2026-01-04T03:26:13.232Z","userId":"695993c93cb2af054489eea1","userEmail":"admin@example.com","diagQuizzesFound":1,"diagIds":["6959b159ba3dde68f94957b1"],"hasDiag":true,"bestScore":100,"attemptsCount":30,"recentActivityCount":5}
{"timestamp":"2026-01-04T03:26:13.231Z","userId":"695993c93cb2af054489eea1","userEmail":"admin@example.com","diagQuizzesFound":1,"diagIds":["6959b159ba3dde68f94957b1"],"hasDiag":true,"bestScore":100,"attemptsCount":30,"recentActivityCount":5}
{"timestamp":"2026-01-04T03:26:18.591Z","userId":"695993c93cb2af054489eea1","userEmail":"admin@example.com","diagQuizzesFound":1,"diagIds":["6959b159ba3dde68f94957b1"],"hasDiag":true,"bestScore":100,"attemptsCount":30,"recentActivityCount":5}
{"timestamp":"2026-01-04T03:26:19.091Z","userId":"695993c93cb2af054489eea1","userEmail":"admin@example.com","diagQuizzesFound":1,"diagIds":["6959b159ba3dde68f94957b1"],"hasDiag":true,"bestScore":100,"attemptsCount":30,"recentActivityCount":5}
{"timestamp":"2026-01-04T03:27:01.711Z","userId":"695993c93cb2af054489eea1","userEmail":"admin@example.com","diagQuizzesFound":1,"diagIds":["6959b159ba3dde68f94957b1"],"hasDiag":true,"bestScore":100,"attemptsCount":30,"recentActivityCount":5}
{"timestamp":"2026-01-04T03:27:02.232Z","userId":"695993c93cb2af054489eea1","userEmail":"admin@example.com","diagQuizzesFound":1,"diagIds":["6959b159ba3dde68f94957b1"],"hasDiag":true,"bestScore":100,"attemptsCount":30,"recentActivityCount":5}
{"timestamp":"2026-01-04T03:28:17.483Z","userId":"695993c93cb2af054489eea1","userEmail":"admin@example.com","diagQuizzesFound":1,"diagIds":["6959b159ba3dde68f94957b1"],"hasDiag":true,"bestScore":100,"attemptsCount":30,"recentActivityCount":5}
{"timestamp":"2026-01-04T03:28:17.975Z","userId":"695993c93cb2af054489eea1","userEmail":"admin@example.com","diagQuizzesFound":1,"diagIds":["6959b159ba3dde68f94957b1"],"hasDiag":true,"bestScore":100,"attemptsCount":30,"recentActivityCount":5}
{"timestamp":"2026-01-04T03:28:27.424Z","userId":"695993c93cb2af054489eea1","userEmail":"admin@example.com","diagQuizzesFound":1,"diagIds":["6959b159ba3dde68f94957b1"],"hasDiag":true,"bestScore":100,"attemptsCount":30,"recentActivityCount":5}
{"timestamp":"2026-01-04T03:28:33.884Z","userId":"695993c93cb2af054489eea1","userEmail":"admin@example.com","diagQuizzesFound":1,"diagIds":["6959b159ba3dde68f94957b1"],"hasDiag":true,"bestScore":100,"attemptsCount":30,"recentActivityCount":5}
{"timestamp":"2026-01-04T03:28:34.382Z","userId":"695993c93cb2af054489eea1","userEmail":"admin@example.com","diagQuizzesFound":1,"diagIds":["6959b159ba3dde68f94957b1"],"hasDiag":true,"bestScore":100,"attemptsCount":30,"recentActivityCount":5}
{"timestamp":"2026-01-04T03:28:37.585Z","userId":"695993c93cb2af054489eea1","userEmail":"admin@example.com","diagQuizzesFound":1,"diagIds":["6959b159ba3dde68f94957b1"],"hasDiag":true,"bestScore":100,"attemptsCount":30,"recentActivityCount":5}
{"timestamp":"2026-01-04T03:28:37.586Z","userId":"695993c93cb2af054489eea1","userEmail":"admin@example.com","diagQuizzesFound":1,"diagIds":["6959b159ba3dde68f94957b1"],"hasDiag":true,"bestScore":100,"attemptsCount":30,"recentActivityCount":5}
{"timestamp":"2026-01-04T03:28:39.246Z","userId":"695993c93cb2af054489eea1","userEmail":"admin@example.com","diagQuizzesFound":1,"diagIds":["6959b159ba3dde68f94957b1"],"hasDiag":true,"bestScore":100,"attemptsCount":30,"recentActivityCount":5}
{"timestamp":"2026-01-04T03:28:39.745Z","userId":"695993c93cb2af054489eea1","userEmail":"admin@example.com","diagQuizzesFound":1,"diagIds":["6959b159ba3dde68f94957b1"],"hasDiag":true,"bestScore":100,"attemptsCount":30,"recentActivityCount":5}
{"timestamp":"2026-01-04T03:28:41.568Z","userId":"695993c93cb2af054489eea1","userEmail":"admin@example.com","diagQuizzesFound":1,"diagIds":["6959b159ba3dde68f94957b1"],"hasDiag":true,"bestScore":100,"attemptsCount":30,"recentActivityCount":5}
{"timestamp":"2026-01-04T03:28:42.063Z","userId":"695993c93cb2af054489eea1","userEmail":"admin@example.com","diagQuizzesFound":1,"diagIds":["6959b159ba3dde68f94957b1"],"hasDiag":true,"bestScore":100,"attemptsCount":30,"recentActivityCount":5}
{"timestamp":"2026-01-04T03:28:45.293Z","userId":"695993c93cb2af054489eea1","userEmail":"admin@example.com","diagQuizzesFound":1,"diagIds":["6959b159ba3dde68f94957b1"],"hasDiag":true,"bestScore":100,"attemptsCount":30,"recentActivityCount":5}
{"timestamp":"2026-01-04T03:28:45.788Z","userId":"695993c93cb2af054489eea1","userEmail":"admin@example.com","diagQuizzesFound":1,"diagIds":["6959b159ba3dde68f94957b1"],"hasDiag":true,"bestScore":100,"attemptsCount":30,"recentActivityCount":5}
{"timestamp":"2026-01-04T03:28:55.009Z","userId":"695993c93cb2af054489eea1","userEmail":"admin@example.com","diagQuizzesFound":1,"diagIds":["6959b159ba3dde68f94957b1"],"hasDiag":true,"bestScore":100,"attemptsCount":30,"recentActivityCount":5}
{"timestamp":"2026-01-04T03:28:55.507Z","userId":"695993c93cb2af054489eea1","userEmail":"admin@example.com","diagQuizzesFound":1,"diagIds":["6959b159ba3dde68f94957b1"],"hasDiag":true,"bestScore":100,"attemptsCount":30,"recentActivityCount":5}
{"timestamp":"2026-01-04T03:29:27.341Z","userId":"695993c93cb2af054489eea1","userEmail":"admin@example.com","diagQuizzesFound":1,"diagIds":["6959b159ba3dde68f94957b1"],"hasDiag":true,"bestScore":100,"attemptsCount":30,"recentActivityCount":5}
{"timestamp":"2026-01-04T03:29:27.834Z","userId":"695993c93cb2af054489eea1","userEmail":"admin@example.com","diagQuizzesFound":1,"diagIds":["6959b159ba3dde68f94957b1"],"hasDiag":true,"bestScore":100,"attemptsCount":30,"recentActivityCount":5}
{"timestamp":"2026-01-04T03:29:34.149Z","userId":"695993c93cb2af054489eea1","userEmail":"admin@example.com","diagQuizzesFound":1,"diagIds":["6959b159ba3dde68f94957b1"],"hasDiag":true,"bestScore":100,"attemptsCount":30,"recentActivityCount":5}
{"timestamp":"2026-01-04T03:29:34.643Z","userId":"695993c93cb2af054489eea1","userEmail":"admin@example.com","diagQuizzesFound":1,"diagIds":["6959b159ba3dde68f94957b1"],"hasDiag":true,"bestScore":100,"attemptsCount":30,"recentActivityCount":5}
{"timestamp":"2026-01-04T03:31:38.851Z","userId":"695993c93cb2af054489eea1","userEmail":"admin@example.com","diagQuizzesFound":1,"diagIds":["6959b159ba3dde68f94957b1"],"hasDiag":true,"bestScore":100,"attemptsCount":30,"recentActivityCount":5}
{"timestamp":"2026-01-04T03:31:39.349Z","userId":"695993c93cb2af054489eea1","userEmail":"admin@example.com","diagQuizzesFound":1,"diagIds":["6959b159ba3dde68f94957b1"],"hasDiag":true,"bestScore":100,"attemptsCount":30,"recentActivityCount":5}
{"timestamp":"2026-01-04T03:31:50.071Z","userId":"695993c93cb2af054489eea1","userEmail":"admin@example.com","diagQuizzesFound":1,"diagIds":["6959b159ba3dde68f94957b1"],"hasDiag":true,"bestScore":100,"attemptsCount":30,"recentActivityCount":5}
{"timestamp":"2026-01-04T03:31:50.573Z","userId":"695993c93cb2af054489eea1","userEmail":"admin@example.com","diagQuizzesFound":1,"diagIds":["6959b159ba3dde68f94957b1"],"hasDiag":true,"bestScore":100,"attemptsCount":30,"recentActivityCount":5}
{"timestamp":"2026-01-04T03:32:25.513Z","userId":"695993c93cb2af054489eea1","userEmail":"admin@example.com","diagQuizzesFound":1,"diagIds":["6959b159ba3dde68f94957b1"],"hasDiag":true,"bestScore":100,"attemptsCount":30,"recentActivityCount":5}
{"timestamp":"2026-01-04T03:32:26.019Z","userId":"695993c93cb2af054489eea1","userEmail":"admin@example.com","diagQuizzesFound":1,"diagIds":["6959b159ba3dde68f94957b1"],"hasDiag":true,"bestScore":100,"attemptsCount":30,"recentActivityCount":5}
{"timestamp":"2026-01-04T03:36:07.099Z","userId":"695993c93cb2af054489eea1","userEmail":"admin@example.com","diagQuizzesFound":1,"diagIds":["6959b159ba3dde68f94957b1"],"hasDiag":true,"bestScore":100,"attemptsCount":30,"recentActivityCount":5}
{"timestamp":"2026-01-04T03:36:07.592Z","userId":"695993c93cb2af054489eea1","userEmail":"admin@example.com","diagQuizzesFound":1,"diagIds":["6959b159ba3dde68f94957b1"],"hasDiag":true,"bestScore":100,"attemptsCount":30,"recentActivityCount":5}
{"timestamp":"2026-01-04T03:36:13.112Z","userId":"695993c93cb2af054489eea1","userEmail":"admin@example.com","diagQuizzesFound":1,"diagIds":["6959b159ba3dde68f94957b1"],"hasDiag":true,"bestScore":100,"attemptsCount":30,"recentActivityCount":5}
{"timestamp":"2026-01-04T03:36:13.605Z","userId":"695993c93cb2af054489eea1","userEmail":"admin@example.com","diagQuizzesFound":1,"diagIds":["6959b159ba3dde68f94957b1"],"hasDiag":true,"bestScore":100,"attemptsCount":30,"recentActivityCount":5}
{"timestamp":"2026-01-04T03:41:46.968Z","userId":"695993c93cb2af054489eea1","userEmail":"admin@example.com","diagQuizzesFound":1,"diagIds":["6959b159ba3dde68f94957b1"],"hasDiag":true,"bestScore":100,"attemptsCount":30,"recentActivityCount":5}
{"timestamp":"2026-01-04T03:41:55.035Z","userId":"695993c93cb2af054489eea1","userEmail":"admin@example.com","diagQuizzesFound":1,"diagIds":["6959b159ba3dde68f94957b1"],"hasDiag":true,"bestScore":100,"attemptsCount":30,"recentActivityCount":5}
{"timestamp":"2026-01-04T03:41:55.538Z","userId":"695993c93cb2af054489eea1","userEmail":"admin@example.com","diagQuizzesFound":1,"diagIds":["6959b159ba3dde68f94957b1"],"hasDiag":true,"bestScore":100,"attemptsCount":30,"recentActivityCount":5}
{"timestamp":"2026-01-04T03:43:44.189Z","userId":"695993c93cb2af054489eea1","userEmail":"admin@example.com","diagQuizzesFound":1,"diagIds":["6959b159ba3dde68f94957b1"],"hasDiag":true,"bestScore":100,"attemptsCount":30,"recentActivityCount":5}
{"timestamp":"2026-01-04T03:43:44.690Z","userId":"695993c93cb2af054489eea1","userEmail":"admin@example.com","diagQuizzesFound":1,"diagIds":["6959b159ba3dde68f94957b1"],"hasDiag":true,"bestScore":100,"attemptsCount":30,"recentActivityCount":5}
{"timestamp":"2026-01-04T03:50:41.447Z","userId":"695993c93cb2af054489eea1","userEmail":"admin@example.com","diagQuizzesFound":1,"diagIds":["6959b159ba3dde68f94957b1"],"hasDiag":true,"bestScore":100,"attemptsCount":30,"recentActivityCount":5}
{"timestamp":"2026-01-04T03:50:41.988Z","userId":"695993c93cb2af054489eea1","userEmail":"admin@example.com","diagQuizzesFound":1,"diagIds":["6959b159ba3dde68f94957b1"],"hasDiag":true,"bestScore":100,"attemptsCount":30,"recentActivityCount":5}
{"timestamp":"2026-01-04T03:52:11.208Z","userId":"695993c93cb2af054489eea1","userEmail":"admin@example.com","diagQuizzesFound":1,"diagIds":["6959b159ba3dde68f94957b1"],"hasDiag":true,"bestScore":100,"attemptsCount":31,"recentActivityCount":5}
{"timestamp":"2026-01-04T03:52:11.706Z","userId":"695993c93cb2af054489eea1","userEmail":"admin@example.com","diagQuizzesFound":1,"diagIds":["6959b159ba3dde68f94957b1"],"hasDiag":true,"bestScore":100,"attemptsCount":31,"recentActivityCount":5}
{"timestamp":"2026-01-04T03:54:08.274Z","userId":"695993c93cb2af054489eea1","userEmail":"admin@example.com","diagQuizzesFound":1,"diagIds":["6959b159ba3dde68f94957b1"],"hasDiag":true,"bestScore":100,"attemptsCount":31,"recentActivityCount":5}
{"timestamp":"2026-01-04T03:54:08.786Z","userId":"695993c93cb2af054489eea1","userEmail":"admin@example.com","diagQuizzesFound":1,"diagIds":["6959b159ba3dde68f94957b1"],"hasDiag":true,"bestScore":100,"attemptsCount":31,"recentActivityCount":5}
{"timestamp":"2026-01-04T03:54:17.048Z","userId":"695993c93cb2af054489eea1","userEmail":"admin@example.com","diagQuizzesFound":1,"diagIds":["6959b159ba3dde68f94957b1"],"hasDiag":true,"bestScore":100,"attemptsCount":31,"recentActivityCount":5}
{"timestamp":"2026-01-04T03:57:39.206Z","userId":"695993c93cb2af054489eea1","userEmail":"admin@example.com","diagQuizzesFound":1,"diagIds":["6959b159ba3dde68f94957b1"],"hasDiag":true,"bestScore":100,"attemptsCount":31,"recentActivityCount":5}
{"timestamp":"2026-01-04T03:57:39.624Z","userId":"695993c93cb2af054489eea1","userEmail":"admin@example.com","diagQuizzesFound":1,"diagIds":["6959b159ba3dde68f94957b1"],"hasDiag":true,"bestScore":100,"attemptsCount":31,"recentActivityCount":5}
{"timestamp":"2026-01-04T03:57:41.920Z","userId":"695993c93cb2af054489eea1","userEmail":"admin@example.com","diagQuizzesFound":1,"diagIds":["6959b159ba3dde68f94957b1"],"hasDiag":true,"bestScore":100,"attemptsCount":31,"recentActivityCount":5}
{"timestamp":"2026-01-04T03:57:42.428Z","userId":"695993c93cb2af054489eea1","userEmail":"admin@example.com","diagQuizzesFound":1,"diagIds":["6959b159ba3dde68f94957b1"],"hasDiag":true,"bestScore":100,"attemptsCount":31,"recentActivityCount":5}
{"timestamp":"2026-01-04T04:01:59.268Z","userId":"695993c93cb2af054489eea1","userEmail":"admin@example.com","diagQuizzesFound":1,"diagIds":["6959b159ba3dde68f94957b1"],"hasDiag":true,"bestScore":100,"attemptsCount":31,"recentActivityCount":5}
{"timestamp":"2026-01-04T04:01:59.773Z","userId":"695993c93cb2af054489eea1","userEmail":"admin@example.com","diagQuizzesFound":1,"diagIds":["6959b159ba3dde68f94957b1"],"hasDiag":true,"bestScore":100,"attemptsCount":31,"recentActivityCount":5}
{"timestamp":"2026-01-04T04:04:29.474Z","userId":"695993c93cb2af054489eea1","userEmail":"admin@example.com","diagQuizzesFound":1,"diagIds":["6959b159ba3dde68f94957b1"],"hasDiag":true,"bestScore":100,"attemptsCount":31,"recentActivityCount":5}
{"timestamp":"2026-01-04T04:04:29.980Z","userId":"695993c93cb2af054489eea1","userEmail":"admin@example.com","diagQuizzesFound":1,"diagIds":["6959b159ba3dde68f94957b1"],"hasDiag":true,"bestScore":100,"attemptsCount":31,"recentActivityCount":5}
{"timestamp":"2026-01-04T04:04:35.354Z","userId":"695993c93cb2af054489eea1","userEmail":"admin@example.com","diagQuizzesFound":1,"diagIds":["6959b159ba3dde68f94957b1"],"hasDiag":true,"bestScore":100,"attemptsCount":31,"recentActivityCount":5}
{"timestamp":"2026-01-04T04:04:35.857Z","userId":"695993c93cb2af054489eea1","userEmail":"admin@example.com","diagQuizzesFound":1,"diagIds":["6959b159ba3dde68f94957b1"],"hasDiag":true,"bestScore":100,"attemptsCount":31,"recentActivityCount":5}
{"timestamp":"2026-01-04T04:05:18.348Z","userId":"695993c93cb2af054489eea1","userEmail":"admin@example.com","diagQuizzesFound":1,"diagIds":["6959b159ba3dde68f94957b1"],"hasDiag":true,"bestScore":100,"attemptsCount":31,"recentActivityCount":5}
{"timestamp":"2026-01-04T04:05:18.755Z","userId":"695993c93cb2af054489eea1","userEmail":"admin@example.com","diagQuizzesFound":1,"diagIds":["6959b159ba3dde68f94957b1"],"hasDiag":true,"bestScore":100,"attemptsCount":31,"recentActivityCount":5}
{"timestamp":"2026-01-04T04:05:19.488Z","userId":"695993c93cb2af054489eea1","userEmail":"admin@example.com","diagQuizzesFound":1,"diagIds":["6959b159ba3dde68f94957b1"],"hasDiag":true,"bestScore":100,"attemptsCount":31,"recentActivityCount":5}
{"timestamp":"2026-01-04T04:05:20.032Z","userId":"695993c93cb2af054489eea1","userEmail":"admin@example.com","diagQuizzesFound":1,"diagIds":["6959b159ba3dde68f94957b1"],"hasDiag":true,"bestScore":100,"attemptsCount":31,"recentActivityCount":5}
{"timestamp":"2026-01-04T04:08:35.167Z","userId":"695993c93cb2af054489eea1","userEmail":"admin@example.com","diagQuizzesFound":1,"diagIds":["6959b159ba3dde68f94957b1"],"hasDiag":true,"bestScore":100,"attemptsCount":31,"recentActivityCount":5}
{"timestamp":"2026-01-04T04:08:35.665Z","userId":"695993c93cb2af054489eea1","userEmail":"admin@example.com","diagQuizzesFound":1,"diagIds":["6959b159ba3dde68f94957b1"],"hasDiag":true,"bestScore":100,"attemptsCount":31,"recentActivityCount":5}
{"timestamp":"2026-01-04T04:08:42.774Z","userId":"695993c93cb2af054489eea1","userEmail":"admin@example.com","diagQuizzesFound":1,"diagIds":["6959b159ba3dde68f94957b1"],"hasDiag":true,"bestScore":100,"attemptsCount":31,"recentActivityCount":5}
{"timestamp":"2026-01-04T04:08:43.285Z","userId":"695993c93cb2af054489eea1","userEmail":"admin@example.com","diagQuizzesFound":1,"diagIds":["6959b159ba3dde68f94957b1"],"hasDiag":true,"bestScore":100,"attemptsCount":31,"recentActivityCount":5}
{"timestamp":"2026-01-04T04:09:00.520Z","userId":"695993c93cb2af054489eea1","userEmail":"admin@example.com","diagQuizzesFound":1,"diagIds":["6959b159ba3dde68f94957b1"],"hasDiag":true,"bestScore":100,"attemptsCount":31,"recentActivityCount":5}
{"timestamp":"2026-01-04T04:09:01.026Z","userId":"695993c93cb2af054489eea1","userEmail":"admin@example.com","diagQuizzesFound":1,"diagIds":["6959b159ba3dde68f94957b1"],"hasDiag":true,"bestScore":100,"attemptsCount":31,"recentActivityCount":5}
{"timestamp":"2026-01-04T04:32:20.764Z","userId":"6959ed12b23554ae3ea06d06","userEmail":"tibor_yean@gmail.com","diagQuizzesFound":1,"diagIds":["6959b159ba3dde68f94957b1"],"hasDiag":false,"attemptsCount":0,"recentActivityCount":0}
{"timestamp":"2026-01-04T04:32:21.262Z","userId":"6959ed12b23554ae3ea06d06","userEmail":"tibor_yean@gmail.com","diagQuizzesFound":1,"diagIds":["6959b159ba3dde68f94957b1"],"hasDiag":false,"attemptsCount":0,"recentActivityCount":0}
{"timestamp":"2026-01-04T04:32:25.845Z","userId":"6959ed12b23554ae3ea06d06","userEmail":"tibor_yean@gmail.com","diagQuizzesFound":1,"diagIds":["6959b159ba3dde68f94957b1"],"hasDiag":false,"attemptsCount":0,"recentActivityCount":0}
{"timestamp":"2026-01-04T04:32:26.358Z","userId":"6959ed12b23554ae3ea06d06","userEmail":"tibor_yean@gmail.com","diagQuizzesFound":1,"diagIds":["6959b159ba3dde68f94957b1"],"hasDiag":false,"attemptsCount":0,"recentActivityCount":0}
{"timestamp":"2026-01-04T04:34:23.299Z","userId":"6959ed12b23554ae3ea06d06","userEmail":"tibor_yean@gmail.com","diagQuizzesFound":1,"diagIds":["6959b159ba3dde68f94957b1"],"hasDiag":false,"attemptsCount":0,"recentActivityCount":0}
{"timestamp":"2026-01-04T04:34:23.801Z","userId":"6959ed12b23554ae3ea06d06","userEmail":"tibor_yean@gmail.com","diagQuizzesFound":1,"diagIds":["6959b159ba3dde68f94957b1"],"hasDiag":false,"attemptsCount":0,"recentActivityCount":0}
{"timestamp":"2026-01-04T04:34:39.499Z","userId":"6959ed12b23554ae3ea06d06","userEmail":"tibor_yean@gmail.com","diagQuizzesFound":1,"diagIds":["6959b159ba3dde68f94957b1"],"hasDiag":true,"bestScore":100,"attemptsCount":1,"recentActivityCount":1}
{"timestamp":"2026-01-04T04:34:39.998Z","userId":"6959ed12b23554ae3ea06d06","userEmail":"tibor_yean@gmail.com","diagQuizzesFound":1,"diagIds":["6959b159ba3dde68f94957b1"],"hasDiag":true,"bestScore":100,"attemptsCount":1,"recentActivityCount":1}
{"timestamp":"2026-01-04T04:34:46.599Z","userId":"6959ed12b23554ae3ea06d06","userEmail":"tibor_yean@gmail.com","diagQuizzesFound":1,"diagIds":["6959b159ba3dde68f94957b1"],"hasDiag":true,"bestScore":100,"attemptsCount":1,"recentActivityCount":1}
{"timestamp":"2026-01-04T04:34:47.096Z","userId":"6959ed12b23554ae3ea06d06","userEmail":"tibor_yean@gmail.com","diagQuizzesFound":1,"diagIds":["6959b159ba3dde68f94957b1"],"hasDiag":true,"bestScore":100,"attemptsCount":1,"recentActivityCount":1}
{"timestamp":"2026-01-04T04:35:12.588Z","userId":"695993c93cb2af054489eea1","userEmail":"admin@example.com","diagQuizzesFound":1,"diagIds":["6959b159ba3dde68f94957b1"],"hasDiag":true,"bestScore":100,"attemptsCount":31,"recentActivityCount":5}
{"timestamp":"2026-01-04T04:35:13.085Z","userId":"695993c93cb2af054489eea1","userEmail":"admin@example.com","diagQuizzesFound":1,"diagIds":["6959b159ba3dde68f94957b1"],"hasDiag":true,"bestScore":100,"attemptsCount":31,"recentActivityCount":5}
{"timestamp":"2026-01-04T04:35:17.841Z","userId":"695993c93cb2af054489eea1","userEmail":"admin@example.com","diagQuizzesFound":1,"diagIds":["6959b159ba3dde68f94957b1"],"hasDiag":true,"bestScore":100,"attemptsCount":31,"recentActivityCount":5}
{"timestamp":"2026-01-04T04:35:18.347Z","userId":"695993c93cb2af054489eea1","userEmail":"admin@example.com","diagQuizzesFound":1,"diagIds":["6959b159ba3dde68f94957b1"],"hasDiag":true,"bestScore":100,"attemptsCount":31,"recentActivityCount":5}
{"timestamp":"2026-01-04T04:35:54.079Z","userId":"695993c93cb2af054489eea1","userEmail":"admin@example.com","diagQuizzesFound":1,"diagIds":["6959b159ba3dde68f94957b1"],"hasDiag":true,"bestScore":100,"attemptsCount":31,"recentActivityCount":5}
{"timestamp":"2026-01-04T04:35:54.592Z","userId":"695993c93cb2af054489eea1","userEmail":"admin@example.com","diagQuizzesFound":1,"diagIds":["6959b159ba3dde68f94957b1"],"hasDiag":true,"bestScore":100,"attemptsCount":31,"recentActivityCount":5}
{"timestamp":"2026-01-04T04:36:40.329Z","userId":"695993c93cb2af054489eea1","userEmail":"admin@example.com","diagQuizzesFound":1,"diagIds":["6959b159ba3dde68f94957b1"],"hasDiag":true,"bestScore":100,"attemptsCount":31,"recentActivityCount":5}
{"timestamp":"2026-01-04T04:36:40.838Z","userId":"695993c93cb2af054489eea1","userEmail":"admin@example.com","diagQuizzesFound":1,"diagIds":["6959b159ba3dde68f94957b1"],"hasDiag":true,"bestScore":100,"attemptsCount":31,"recentActivityCount":5}
{"timestamp":"2026-01-04T04:36:44.443Z","userId":"695993c93cb2af054489eea1","userEmail":"admin@example.com","diagQuizzesFound":1,"diagIds":["6959b159ba3dde68f94957b1"],"hasDiag":true,"bestScore":100,"attemptsCount":31,"recentActivityCount":5}
{"timestamp":"2026-01-04T04:36:44.842Z","userId":"695993c93cb2af054489eea1","userEmail":"admin@example.com","diagQuizzesFound":1,"diagIds":["6959b159ba3dde68f94957b1"],"hasDiag":true,"bestScore":100,"attemptsCount":31,"recentActivityCount":5}
{"timestamp":"2026-01-04T04:36:51.188Z","userId":"695993c93cb2af054489eea1","userEmail":"admin@example.com","diagQuizzesFound":1,"diagIds":["6959b159ba3dde68f94957b1"],"hasDiag":true,"bestScore":100,"attemptsCount":31,"recentActivityCount":5}
{"timestamp":"2026-01-04T04:36:51.696Z","userId":"695993c93cb2af054489eea1","userEmail":"admin@example.com","diagQuizzesFound":1,"diagIds":["6959b159ba3dde68f94957b1"],"hasDiag":true,"bestScore":100,"attemptsCount":31,"recentActivityCount":5}
{"timestamp":"2026-01-04T04:38:36.378Z","userId":"695993c93cb2af054489eea1","userEmail":"admin@example.com","diagQuizzesFound":1,"diagIds":["6959b159ba3dde68f94957b1"],"hasDiag":true,"bestScore":100,"attemptsCount":31,"recentActivityCount":5}
{"timestamp":"2026-01-04T04:38:50.827Z","userId":"695993c93cb2af054489eea1","userEmail":"admin@example.com","diagQuizzesFound":1,"diagIds":["6959b159ba3dde68f94957b1"],"hasDiag":true,"bestScore":100,"attemptsCount":31,"recentActivityCount":5}
{"timestamp":"2026-01-04T04:38:51.334Z","userId":"695993c93cb2af054489eea1","userEmail":"admin@example.com","diagQuizzesFound":1,"diagIds":["6959b159ba3dde68f94957b1"],"hasDiag":true,"bestScore":100,"attemptsCount":31,"recentActivityCount":5}
{"timestamp":"2026-01-04T04:40:37.445Z","userId":"695993c93cb2af054489eea1","userEmail":"admin@example.com","diagQuizzesFound":1,"diagIds":["6959b159ba3dde68f94957b1"],"hasDiag":true,"bestScore":100,"attemptsCount":31,"recentActivityCount":5}
{"timestamp":"2026-01-04T04:40:37.950Z","userId":"695993c93cb2af054489eea1","userEmail":"admin@example.com","diagQuizzesFound":1,"diagIds":["6959b159ba3dde68f94957b1"],"hasDiag":true,"bestScore":100,"attemptsCount":31,"recentActivityCount":5}
{"timestamp":"2026-01-04T04:40:51.127Z","userId":"695993c93cb2af054489eea1","userEmail":"admin@example.com","diagQuizzesFound":1,"diagIds":["6959b159ba3dde68f94957b1"],"hasDiag":true,"bestScore":100,"attemptsCount":31,"recentActivityCount":5}
{"timestamp":"2026-01-04T04:40:51.632Z","userId":"695993c93cb2af054489eea1","userEmail":"admin@example.com","diagQuizzesFound":1,"diagIds":["6959b159ba3dde68f94957b1"],"hasDiag":true,"bestScore":100,"attemptsCount":31,"recentActivityCount":5}
{"timestamp":"2026-01-04T04:41:17.766Z","userId":"695993c93cb2af054489eea1","userEmail":"admin@example.com","diagQuizzesFound":1,"diagIds":["6959b159ba3dde68f94957b1"],"hasDiag":true,"bestScore":100,"attemptsCount":31,"recentActivityCount":5}
{"timestamp":"2026-01-04T04:41:18.270Z","userId":"695993c93cb2af054489eea1","userEmail":"admin@example.com","diagQuizzesFound":1,"diagIds":["6959b159ba3dde68f94957b1"],"hasDiag":true,"bestScore":100,"attemptsCount":31,"recentActivityCount":5}
{"timestamp":"2026-01-04T04:45:45.849Z","userId":"695993c93cb2af054489eea1","userEmail":"admin@example.com","diagQuizzesFound":1,"diagIds":["6959b159ba3dde68f94957b1"],"hasDiag":true,"bestScore":100,"attemptsCount":31,"recentActivityCount":5}
{"timestamp":"2026-01-04T04:45:46.353Z","userId":"695993c93cb2af054489eea1","userEmail":"admin@example.com","diagQuizzesFound":1,"diagIds":["6959b159ba3dde68f94957b1"],"hasDiag":true,"bestScore":100,"attemptsCount":31,"recentActivityCount":5}
{"timestamp":"2026-01-04T04:52:22.854Z","userId":"695993c93cb2af054489eea1","userEmail":"admin@example.com","diagQuizzesFound":1,"diagIds":["6959b159ba3dde68f94957b1"],"hasDiag":true,"bestScore":100,"attemptsCount":31,"recentActivityCount":5}
{"timestamp":"2026-01-04T04:52:23.350Z","userId":"695993c93cb2af054489eea1","userEmail":"admin@example.com","diagQuizzesFound":1,"diagIds":["6959b159ba3dde68f94957b1"],"hasDiag":true,"bestScore":100,"attemptsCount":31,"recentActivityCount":5}
{"timestamp":"2026-01-04T04:54:03.970Z","userId":"695993c93cb2af054489eea1","userEmail":"admin@example.com","diagQuizzesFound":1,"diagIds":["6959b159ba3dde68f94957b1"],"hasDiag":true,"bestScore":100,"attemptsCount":31,"recentActivityCount":5}
{"timestamp":"2026-01-04T04:54:04.506Z","userId":"695993c93cb2af054489eea1","userEmail":"admin@example.com","diagQuizzesFound":1,"diagIds":["6959b159ba3dde68f94957b1"],"hasDiag":true,"bestScore":100,"attemptsCount":31,"recentActivityCount":5}
{"timestamp":"2026-01-04T05:07:08.066Z","userId":"695993c93cb2af054489eea1","userEmail":"admin@example.com","diagQuizzesFound":1,"diagIds":["6959b159ba3dde68f94957b1"],"hasDiag":true,"bestScore":100,"attemptsCount":31,"recentActivityCount":5}
{"timestamp":"2026-01-04T05:07:08.566Z","userId":"695993c93cb2af054489eea1","userEmail":"admin@example.com","diagQuizzesFound":1,"diagIds":["6959b159ba3dde68f94957b1"],"hasDiag":true,"bestScore":100,"attemptsCount":31,"recentActivityCount":5}
{"timestamp":"2026-01-04T05:07:11.900Z","userId":"695993c93cb2af054489eea1","userEmail":"admin@example.com","diagQuizzesFound":1,"diagIds":["6959b159ba3dde68f94957b1"],"hasDiag":true,"bestScore":100,"attemptsCount":31,"recentActivityCount":5}
{"timestamp":"2026-01-04T05:07:12.304Z","userId":"695993c93cb2af054489eea1","userEmail":"admin@example.com","diagQuizzesFound":1,"diagIds":["6959b159ba3dde68f94957b1"],"hasDiag":true,"bestScore":100,"attemptsCount":31,"recentActivityCount":5}
{"timestamp":"2026-01-04T05:14:22.989Z","userId":"695993c93cb2af054489eea1","userEmail":"admin@example.com","diagQuizzesFound":1,"diagIds":["6959f689584f6664f4e0cf2e"],"hasDiag":false,"attemptsCount":31,"recentActivityCount":5}
{"timestamp":"2026-01-04T05:14:23.626Z","userId":"695993c93cb2af054489eea1","userEmail":"admin@example.com","diagQuizzesFound":1,"diagIds":["6959f689584f6664f4e0cf2e"],"hasDiag":false,"attemptsCount":31,"recentActivityCount":5}
{"timestamp":"2026-01-04T05:17:38.619Z","userId":"695993c93cb2af054489eea1","userEmail":"admin@example.com","diagQuizzesFound":1,"diagIds":["6959f7a60eef9318ffb4d523"],"hasDiag":false,"attemptsCount":31,"recentActivityCount":5}
{"timestamp":"2026-01-04T05:17:39.243Z","userId":"695993c93cb2af054489eea1","userEmail":"admin@example.com","diagQuizzesFound":1,"diagIds":["6959f7a60eef9318ffb4d523"],"hasDiag":false,"attemptsCount":31,"recentActivityCount":5}
{"timestamp":"2026-01-04T05:25:02.001Z","userId":"695993c93cb2af054489eea1","userEmail":"admin@example.com","diagQuizzesFound":1,"diagIds":["6959f9a7ad6c8d5b0fe649d7"],"hasDiag":false,"attemptsCount":31,"recentActivityCount":5}
{"timestamp":"2026-01-04T05:25:02.643Z","userId":"695993c93cb2af054489eea1","userEmail":"admin@example.com","diagQuizzesFound":1,"diagIds":["6959f9a7ad6c8d5b0fe649d7"],"hasDiag":false,"attemptsCount":31,"recentActivityCount":5}
{"timestamp":"2026-01-04T05:25:39.805Z","userId":"695993c93cb2af054489eea1","userEmail":"admin@example.com","diagQuizzesFound":1,"diagIds":["6959f9a7ad6c8d5b0fe649d7"],"hasDiag":false,"attemptsCount":31,"recentActivityCount":5}
{"timestamp":"2026-01-04T05:25:40.426Z","userId":"695993c93cb2af054489eea1","userEmail":"admin@example.com","diagQuizzesFound":1,"diagIds":["6959f9a7ad6c8d5b0fe649d7"],"hasDiag":false,"attemptsCount":31,"recentActivityCount":5}
{"timestamp":"2026-01-04T05:26:01.933Z","userId":"695993c93cb2af054489eea1","userEmail":"admin@example.com","diagQuizzesFound":1,"diagIds":["6959f9a7ad6c8d5b0fe649d7"],"hasDiag":false,"attemptsCount":32,"recentActivityCount":5}
{"timestamp":"2026-01-04T05:26:01.937Z","userId":"695993c93cb2af054489eea1","userEmail":"admin@example.com","diagQuizzesFound":1,"diagIds":["6959f9a7ad6c8d5b0fe649d7"],"hasDiag":false,"attemptsCount":32,"recentActivityCount":5}
{"timestamp":"2026-01-04T05:26:27.476Z","userId":"695993c93cb2af054489eea1","userEmail":"admin@example.com","diagQuizzesFound":1,"diagIds":["6959f9a7ad6c8d5b0fe649d7"],"hasDiag":true,"bestScore":100,"attemptsCount":33,"recentActivityCount":5}
{"timestamp":"2026-01-04T05:26:27.477Z","userId":"695993c93cb2af054489eea1","userEmail":"admin@example.com","diagQuizzesFound":1,"diagIds":["6959f9a7ad6c8d5b0fe649d7"],"hasDiag":true,"bestScore":100,"attemptsCount":33,"recentActivityCount":5}
{"timestamp":"2026-01-04T05:26:49.671Z","userId":"695993c93cb2af054489eea1","userEmail":"admin@example.com","diagQuizzesFound":1,"diagIds":["6959f9a7ad6c8d5b0fe649d7"],"hasDiag":true,"bestScore":100,"attemptsCount":34,"recentActivityCount":5}
{"timestamp":"2026-01-04T05:26:50.169Z","userId":"695993c93cb2af054489eea1","userEmail":"admin@example.com","diagQuizzesFound":1,"diagIds":["6959f9a7ad6c8d5b0fe649d7"],"hasDiag":true,"bestScore":100,"attemptsCount":34,"recentActivityCount":5}
{"timestamp":"2026-01-04T05:27:40.426Z","userId":"695993c93cb2af054489eea1","userEmail":"admin@example.com","diagQuizzesFound":1,"diagIds":["6959f9a7ad6c8d5b0fe649d7"],"hasDiag":true,"bestScore":100,"attemptsCount":37,"recentActivityCount":5}
{"timestamp":"2026-01-04T05:27:40.923Z","userId":"695993c93cb2af054489eea1","userEmail":"admin@example.com","diagQuizzesFound":1,"diagIds":["6959f9a7ad6c8d5b0fe649d7"],"hasDiag":true,"bestScore":100,"attemptsCount":37,"recentActivityCount":5}
{"timestamp":"2026-01-04T05:28:17.367Z","userId":"695993c93cb2af054489eea1","userEmail":"admin@example.com","diagQuizzesFound":1,"diagIds":["6959f9a7ad6c8d5b0fe649d7"],"hasDiag":true,"bestScore":100,"attemptsCount":39,"recentActivityCount":5}
{"timestamp":"2026-01-04T05:28:17.861Z","userId":"695993c93cb2af054489eea1","userEmail":"admin@example.com","diagQuizzesFound":1,"diagIds":["6959f9a7ad6c8d5b0fe649d7"],"hasDiag":true,"bestScore":100,"attemptsCount":39,"recentActivityCount":5}
{"timestamp":"2026-01-04T05:31:28.415Z","userId":"695993c93cb2af054489eea1","userEmail":"admin@example.com","diagQuizzesFound":1,"diagIds":["6959f9a7ad6c8d5b0fe649d7"],"hasDiag":true,"bestScore":100,"attemptsCount":39,"recentActivityCount":5}
{"timestamp":"2026-01-04T05:31:28.958Z","userId":"695993c93cb2af054489eea1","userEmail":"admin@example.com","diagQuizzesFound":1,"diagIds":["6959f9a7ad6c8d5b0fe649d7"],"hasDiag":true,"bestScore":100,"attemptsCount":39,"recentActivityCount":5}
{"timestamp":"2026-01-04T05:31:32.050Z","userId":"695993c93cb2af054489eea1","userEmail":"admin@example.com","diagQuizzesFound":1,"diagIds":["6959f9a7ad6c8d5b0fe649d7"],"hasDiag":true,"bestScore":100,"attemptsCount":39,"recentActivityCount":5}
{"timestamp":"2026-01-04T05:31:32.549Z","userId":"695993c93cb2af054489eea1","userEmail":"admin@example.com","diagQuizzesFound":1,"diagIds":["6959f9a7ad6c8d5b0fe649d7"],"hasDiag":true,"bestScore":100,"attemptsCount":39,"recentActivityCount":5}
{"timestamp":"2026-01-04T05:31:38.950Z","userId":"695993c93cb2af054489eea1","userEmail":"admin@example.com","diagQuizzesFound":1,"diagIds":["6959f9a7ad6c8d5b0fe649d7"],"hasDiag":true,"bestScore":100,"attemptsCount":39,"recentActivityCount":5}
{"timestamp":"2026-01-04T05:31:39.469Z","userId":"695993c93cb2af054489eea1","userEmail":"admin@example.com","diagQuizzesFound":1,"diagIds":["6959f9a7ad6c8d5b0fe649d7"],"hasDiag":true,"bestScore":100,"attemptsCount":39,"recentActivityCount":5}
{"timestamp":"2026-01-04T05:34:20.984Z","userId":"695993c93cb2af054489eea1","userEmail":"admin@example.com","diagQuizzesFound":1,"diagIds":["6959f9a7ad6c8d5b0fe649d7"],"hasDiag":true,"bestScore":100,"attemptsCount":39,"recentActivityCount":5}
{"timestamp":"2026-01-04T05:34:21.555Z","userId":"695993c93cb2af054489eea1","userEmail":"admin@example.com","diagQuizzesFound":1,"diagIds":["6959f9a7ad6c8d5b0fe649d7"],"hasDiag":true,"bestScore":100,"attemptsCount":39,"recentActivityCount":5}
{"timestamp":"2026-01-04T05:34:51.554Z","userId":"695993c93cb2af054489eea1","userEmail":"admin@example.com","diagQuizzesFound":1,"diagIds":["6959f9a7ad6c8d5b0fe649d7"],"hasDiag":true,"bestScore":100,"attemptsCount":39,"recentActivityCount":5}
{"timestamp":"2026-01-04T05:34:52.118Z","userId":"695993c93cb2af054489eea1","userEmail":"admin@example.com","diagQuizzesFound":1,"diagIds":["6959f9a7ad6c8d5b0fe649d7"],"hasDiag":true,"bestScore":100,"attemptsCount":39,"recentActivityCount":5}
{"timestamp":"2026-01-04T05:34:55.092Z","userId":"695993c93cb2af054489eea1","userEmail":"admin@example.com","diagQuizzesFound":1,"diagIds":["6959f9a7ad6c8d5b0fe649d7"],"hasDiag":true,"bestScore":100,"attemptsCount":39,"recentActivityCount":5}
{"timestamp":"2026-01-04T05:34:55.661Z","userId":"695993c93cb2af054489eea1","userEmail":"admin@example.com","diagQuizzesFound":1,"diagIds":["6959f9a7ad6c8d5b0fe649d7"],"hasDiag":true,"bestScore":100,"attemptsCount":39,"recentActivityCount":5}
{"timestamp":"2026-01-04T05:36:29.154Z","userId":"695993c93cb2af054489eea1","userEmail":"admin@example.com","diagQuizzesFound":1,"diagIds":["6959f9a7ad6c8d5b0fe649d7"],"hasDiag":true,"bestScore":100,"attemptsCount":39,"recentActivityCount":5}
{"timestamp":"2026-01-04T05:36:29.725Z","userId":"695993c93cb2af054489eea1","userEmail":"admin@example.com","diagQuizzesFound":1,"diagIds":["6959f9a7ad6c8d5b0fe649d7"],"hasDiag":true,"bestScore":100,"attemptsCount":39,"recentActivityCount":5}
{"timestamp":"2026-01-04T05:36:59.058Z","userId":"695993c93cb2af054489eea1","userEmail":"admin@example.com","diagQuizzesFound":1,"diagIds":["6959f9a7ad6c8d5b0fe649d7"],"hasDiag":true,"bestScore":100,"attemptsCount":39,"recentActivityCount":5}
{"timestamp":"2026-01-04T05:37:20.485Z","userId":"695993c93cb2af054489eea1","userEmail":"admin@example.com","diagQuizzesFound":1,"diagIds":["6959f9a7ad6c8d5b0fe649d7"],"hasDiag":true,"bestScore":100,"attemptsCount":39,"recentActivityCount":5}
{"timestamp":"2026-01-04T05:37:21.050Z","userId":"695993c93cb2af054489eea1","userEmail":"admin@example.com","diagQuizzesFound":1,"diagIds":["6959f9a7ad6c8d5b0fe649d7"],"hasDiag":true,"bestScore":100,"attemptsCount":39,"recentActivityCount":5}
{"timestamp":"2026-01-04T05:37:52.965Z","userId":"695993c93cb2af054489eea1","userEmail":"admin@example.com","diagQuizzesFound":1,"diagIds":["6959f9a7ad6c8d5b0fe649d7"],"hasDiag":true,"bestScore":100,"attemptsCount":39,"recentActivityCount":5}
{"timestamp":"2026-01-04T05:37:53.542Z","userId":"695993c93cb2af054489eea1","userEmail":"admin@example.com","diagQuizzesFound":1,"diagIds":["6959f9a7ad6c8d5b0fe649d7"],"hasDiag":true,"bestScore":100,"attemptsCount":39,"recentActivityCount":5}
{"timestamp":"2026-01-04T05:38:34.076Z","userId":"695993c93cb2af054489eea1","userEmail":"admin@example.com","diagQuizzesFound":1,"diagIds":["6959f9a7ad6c8d5b0fe649d7"],"hasDiag":true,"bestScore":100,"attemptsCount":39,"recentActivityCount":5}
{"timestamp":"2026-01-04T05:38:41.869Z","userId":"695993c93cb2af054489eea1","userEmail":"admin@example.com","diagQuizzesFound":1,"diagIds":["6959f9a7ad6c8d5b0fe649d7"],"hasDiag":true,"bestScore":100,"attemptsCount":39,"recentActivityCount":5}
{"timestamp":"2026-01-04T05:38:42.494Z","userId":"695993c93cb2af054489eea1","userEmail":"admin@example.com","diagQuizzesFound":1,"diagIds":["6959f9a7ad6c8d5b0fe649d7"],"hasDiag":true,"bestScore":100,"attemptsCount":39,"recentActivityCount":5}
{"timestamp":"2026-01-04T05:39:18.662Z","userId":"695993c93cb2af054489eea1","userEmail":"admin@example.com","diagQuizzesFound":1,"diagIds":["6959f9a7ad6c8d5b0fe649d7"],"hasDiag":true,"bestScore":100,"attemptsCount":39,"recentActivityCount":5}
{"timestamp":"2026-01-04T05:39:19.307Z","userId":"695993c93cb2af054489eea1","userEmail":"admin@example.com","diagQuizzesFound":1,"diagIds":["6959f9a7ad6c8d5b0fe649d7"],"hasDiag":true,"bestScore":100,"attemptsCount":39,"recentActivityCount":5}
{"timestamp":"2026-01-04T05:39:23.347Z","userId":"695993c93cb2af054489eea1","userEmail":"admin@example.com","diagQuizzesFound":1,"diagIds":["6959f9a7ad6c8d5b0fe649d7"],"hasDiag":true,"bestScore":100,"attemptsCount":39,"recentActivityCount":5}
{"timestamp":"2026-01-04T05:39:23.759Z","userId":"695993c93cb2af054489eea1","userEmail":"admin@example.com","diagQuizzesFound":1,"diagIds":["6959f9a7ad6c8d5b0fe649d7"],"hasDiag":true,"bestScore":100,"attemptsCount":39,"recentActivityCount":5}
{"timestamp":"2026-01-04T05:41:31.588Z","userId":"695993c93cb2af054489eea1","userEmail":"admin@example.com","diagQuizzesFound":1,"diagIds":["6959f9a7ad6c8d5b0fe649d7"],"hasDiag":true,"bestScore":100,"attemptsCount":39,"recentActivityCount":5}
{"timestamp":"2026-01-04T05:41:31.590Z","userId":"695993c93cb2af054489eea1","userEmail":"admin@example.com","diagQuizzesFound":1,"diagIds":["6959f9a7ad6c8d5b0fe649d7"],"hasDiag":true,"bestScore":100,"attemptsCount":39,"recentActivityCount":5}
{"timestamp":"2026-01-04T05:43:22.223Z","userId":"695993c93cb2af054489eea1","userEmail":"admin@example.com","diagQuizzesFound":1,"diagIds":["6959f9a7ad6c8d5b0fe649d7"],"hasDiag":true,"bestScore":100,"attemptsCount":39,"recentActivityCount":5}
{"timestamp":"2026-01-04T05:43:22.224Z","userId":"695993c93cb2af054489eea1","userEmail":"admin@example.com","diagQuizzesFound":1,"diagIds":["6959f9a7ad6c8d5b0fe649d7"],"hasDiag":true,"bestScore":100,"attemptsCount":39,"recentActivityCount":5}
{"timestamp":"2026-01-04T05:44:34.551Z","userId":"695993c93cb2af054489eea1","userEmail":"admin@example.com","diagQuizzesFound":1,"diagIds":["6959f9a7ad6c8d5b0fe649d7"],"hasDiag":true,"bestScore":100,"attemptsCount":39,"recentActivityCount":5}
{"timestamp":"2026-01-04T05:44:35.226Z","userId":"695993c93cb2af054489eea1","userEmail":"admin@example.com","diagQuizzesFound":1,"diagIds":["6959f9a7ad6c8d5b0fe649d7"],"hasDiag":true,"bestScore":100,"attemptsCount":39,"recentActivityCount":5}
{"timestamp":"2026-01-04T05:44:48.382Z","userId":"695993c93cb2af054489eea1","userEmail":"admin@example.com","diagQuizzesFound":1,"diagIds":["6959f9a7ad6c8d5b0fe649d7"],"hasDiag":true,"bestScore":100,"attemptsCount":39,"recentActivityCount":5}
{"timestamp":"2026-01-04T05:44:48.383Z","userId":"695993c93cb2af054489eea1","userEmail":"admin@example.com","diagQuizzesFound":1,"diagIds":["6959f9a7ad6c8d5b0fe649d7"],"hasDiag":true,"bestScore":100,"attemptsCount":39,"recentActivityCount":5}
{"timestamp":"2026-01-04T05:45:11.112Z","userId":"695993c93cb2af054489eea1","userEmail":"admin@example.com","diagQuizzesFound":1,"diagIds":["6959f9a7ad6c8d5b0fe649d7"],"hasDiag":true,"bestScore":100,"attemptsCount":39,"recentActivityCount":5}
{"timestamp":"2026-01-04T05:45:11.113Z","userId":"695993c93cb2af054489eea1","userEmail":"admin@example.com","diagQuizzesFound":1,"diagIds":["6959f9a7ad6c8d5b0fe649d7"],"hasDiag":true,"bestScore":100,"attemptsCount":39,"recentActivityCount":5}
{"timestamp":"2026-01-04T05:45:12.032Z","userId":"695993c93cb2af054489eea1","userEmail":"admin@example.com","diagQuizzesFound":1,"diagIds":["6959f9a7ad6c8d5b0fe649d7"],"hasDiag":true,"bestScore":100,"attemptsCount":39,"recentActivityCount":5}
{"timestamp":"2026-01-04T05:45:12.766Z","userId":"695993c93cb2af054489eea1","userEmail":"admin@example.com","diagQuizzesFound":1,"diagIds":["6959f9a7ad6c8d5b0fe649d7"],"hasDiag":true,"bestScore":100,"attemptsCount":39,"recentActivityCount":5}
{"timestamp":"2026-01-04T05:45:13.387Z","userId":"695993c93cb2af054489eea1","userEmail":"admin@example.com","diagQuizzesFound":1,"diagIds":["6959f9a7ad6c8d5b0fe649d7"],"hasDiag":true,"bestScore":100,"attemptsCount":39,"recentActivityCount":5}
{"timestamp":"2026-01-04T05:46:15.628Z","userId":"695993c93cb2af054489eea1","userEmail":"admin@example.com","diagQuizzesFound":1,"diagIds":["6959f9a7ad6c8d5b0fe649d7"],"hasDiag":true,"bestScore":100,"attemptsCount":39,"recentActivityCount":5}
{"timestamp":"2026-01-04T05:46:16.251Z","userId":"695993c93cb2af054489eea1","userEmail":"admin@example.com","diagQuizzesFound":1,"diagIds":["6959f9a7ad6c8d5b0fe649d7"],"hasDiag":true,"bestScore":100,"attemptsCount":39,"recentActivityCount":5}
{"timestamp":"2026-01-04T05:47:44.877Z","userId":"695993c93cb2af054489eea1","userEmail":"admin@example.com","diagQuizzesFound":1,"diagIds":["6959f9a7ad6c8d5b0fe649d7"],"hasDiag":true,"bestScore":100,"attemptsCount":39,"recentActivityCount":5}
{"timestamp":"2026-01-04T05:47:45.494Z","userId":"695993c93cb2af054489eea1","userEmail":"admin@example.com","diagQuizzesFound":1,"diagIds":["6959f9a7ad6c8d5b0fe649d7"],"hasDiag":true,"bestScore":100,"attemptsCount":39,"recentActivityCount":5}
{"timestamp":"2026-01-04T05:47:46.465Z","userId":"695993c93cb2af054489eea1","userEmail":"admin@example.com","diagQuizzesFound":1,"diagIds":["6959f9a7ad6c8d5b0fe649d7"],"hasDiag":true,"bestScore":100,"attemptsCount":39,"recentActivityCount":5}
{"timestamp":"2026-01-04T05:47:46.465Z","userId":"695993c93cb2af054489eea1","userEmail":"admin@example.com","diagQuizzesFound":1,"diagIds":["6959f9a7ad6c8d5b0fe649d7"],"hasDiag":true,"bestScore":100,"attemptsCount":39,"recentActivityCount":5}
{"timestamp":"2026-01-04T05:48:03.701Z","userId":"695993c93cb2af054489eea1","userEmail":"admin@example.com","diagQuizzesFound":1,"diagIds":["6959f9a7ad6c8d5b0fe649d7"],"hasDiag":true,"bestScore":100,"attemptsCount":39,"recentActivityCount":5}
{"timestamp":"2026-01-04T05:48:04.348Z","userId":"695993c93cb2af054489eea1","userEmail":"admin@example.com","diagQuizzesFound":1,"diagIds":["6959f9a7ad6c8d5b0fe649d7"],"hasDiag":true,"bestScore":100,"attemptsCount":39,"recentActivityCount":5}
{"timestamp":"2026-01-04T05:48:49.332Z","userId":"695993c93cb2af054489eea1","userEmail":"admin@example.com","diagQuizzesFound":1,"diagIds":["6959f9a7ad6c8d5b0fe649d7"],"hasDiag":true,"bestScore":100,"attemptsCount":39,"recentActivityCount":5}
{"timestamp":"2026-01-04T05:48:49.333Z","userId":"695993c93cb2af054489eea1","userEmail":"admin@example.com","diagQuizzesFound":1,"diagIds":["6959f9a7ad6c8d5b0fe649d7"],"hasDiag":true,"bestScore":100,"attemptsCount":39,"recentActivityCount":5}
{"timestamp":"2026-01-04T05:50:01.902Z","userId":"695993c93cb2af054489eea1","userEmail":"admin@example.com","diagQuizzesFound":1,"diagIds":["6959f9a7ad6c8d5b0fe649d7"],"hasDiag":true,"bestScore":100,"attemptsCount":39,"recentActivityCount":5}
{"timestamp":"2026-01-04T05:50:01.903Z","userId":"695993c93cb2af054489eea1","userEmail":"admin@example.com","diagQuizzesFound":1,"diagIds":["6959f9a7ad6c8d5b0fe649d7"],"hasDiag":true,"bestScore":100,"attemptsCount":39,"recentActivityCount":5}
{"timestamp":"2026-01-04T06:04:46.506Z","userId":"695a02ed264ab71c8903ba0d","userEmail":"tiboryeahrock@gmail.com","diagQuizzesFound":1,"diagIds":["6959f9a7ad6c8d5b0fe649d7"],"hasDiag":false,"attemptsCount":0,"recentActivityCount":0}
{"timestamp":"2026-01-04T06:04:46.910Z","userId":"695a02ed264ab71c8903ba0d","userEmail":"tiboryeahrock@gmail.com","diagQuizzesFound":1,"diagIds":["6959f9a7ad6c8d5b0fe649d7"],"hasDiag":false,"attemptsCount":0,"recentActivityCount":0}
{"timestamp":"2026-01-04T06:05:42.693Z","userId":"695a02ed264ab71c8903ba0d","userEmail":"tiboryeahrock@gmail.com","diagQuizzesFound":1,"diagIds":["6959f9a7ad6c8d5b0fe649d7"],"hasDiag":false,"attemptsCount":0,"recentActivityCount":0}
{"timestamp":"2026-01-04T06:05:43.321Z","userId":"695a02ed264ab71c8903ba0d","userEmail":"tiboryeahrock@gmail.com","diagQuizzesFound":1,"diagIds":["6959f9a7ad6c8d5b0fe649d7"],"hasDiag":false,"attemptsCount":0,"recentActivityCount":0}
{"timestamp":"2026-01-04T06:07:13.578Z","userId":"695a02ed264ab71c8903ba0d","userEmail":"tiboryeahrock@gmail.com","diagQuizzesFound":1,"diagIds":["6959f9a7ad6c8d5b0fe649d7"],"hasDiag":false,"attemptsCount":0,"recentActivityCount":0}
{"timestamp":"2026-01-04T06:07:13.984Z","userId":"695a02ed264ab71c8903ba0d","userEmail":"tiboryeahrock@gmail.com","diagQuizzesFound":1,"diagIds":["6959f9a7ad6c8d5b0fe649d7"],"hasDiag":false,"attemptsCount":0,"recentActivityCount":0}
{"timestamp":"2026-01-04T06:08:32.305Z","userId":"695a02ed264ab71c8903ba0d","userEmail":"tiboryeahrock@gmail.com","diagQuizzesFound":1,"diagIds":["6959f9a7ad6c8d5b0fe649d7"],"hasDiag":false,"attemptsCount":0,"recentActivityCount":0}
{"timestamp":"2026-01-04T06:08:32.704Z","userId":"695a02ed264ab71c8903ba0d","userEmail":"tiboryeahrock@gmail.com","diagQuizzesFound":1,"diagIds":["6959f9a7ad6c8d5b0fe649d7"],"hasDiag":false,"attemptsCount":0,"recentActivityCount":0}
{"timestamp":"2026-01-04T06:10:53.156Z","userId":"695a02ed264ab71c8903ba0d","userEmail":"tiboryeahrock@gmail.com","diagQuizzesFound":1,"diagIds":["6959f9a7ad6c8d5b0fe649d7"],"hasDiag":false,"attemptsCount":0,"recentActivityCount":0}
{"timestamp":"2026-01-04T06:10:53.558Z","userId":"695a02ed264ab71c8903ba0d","userEmail":"tiboryeahrock@gmail.com","diagQuizzesFound":1,"diagIds":["6959f9a7ad6c8d5b0fe649d7"],"hasDiag":false,"attemptsCount":0,"recentActivityCount":0}
{"timestamp":"2026-01-04T06:11:01.378Z","userId":"695a02ed264ab71c8903ba0d","userEmail":"tiboryeahrock@gmail.com","diagQuizzesFound":1,"diagIds":["6959f9a7ad6c8d5b0fe649d7"],"hasDiag":false,"attemptsCount":0,"recentActivityCount":0}
{"timestamp":"2026-01-04T06:11:02.003Z","userId":"695a02ed264ab71c8903ba0d","userEmail":"tiboryeahrock@gmail.com","diagQuizzesFound":1,"diagIds":["6959f9a7ad6c8d5b0fe649d7"],"hasDiag":false,"attemptsCount":0,"recentActivityCount":0}
{"timestamp":"2026-01-04T06:18:07.564Z","userId":"695a02ed264ab71c8903ba0d","userEmail":"tiboryeahrock@gmail.com","diagQuizzesFound":1,"diagIds":["6959f9a7ad6c8d5b0fe649d7"],"hasDiag":false,"attemptsCount":0,"recentActivityCount":0}
{"timestamp":"2026-01-04T06:18:08.187Z","userId":"695a02ed264ab71c8903ba0d","userEmail":"tiboryeahrock@gmail.com","diagQuizzesFound":1,"diagIds":["6959f9a7ad6c8d5b0fe649d7"],"hasDiag":false,"attemptsCount":0,"recentActivityCount":0}
{"timestamp":"2026-01-04T06:27:10.610Z","userId":"695a02ed264ab71c8903ba0d","userEmail":"tiboryeahrock@gmail.com","diagQuizzesFound":1,"diagIds":["6959f9a7ad6c8d5b0fe649d7"],"hasDiag":false,"attemptsCount":0,"recentActivityCount":0}
{"timestamp":"2026-01-04T06:27:11.009Z","userId":"695a02ed264ab71c8903ba0d","userEmail":"tiboryeahrock@gmail.com","diagQuizzesFound":1,"diagIds":["6959f9a7ad6c8d5b0fe649d7"],"hasDiag":false,"attemptsCount":0,"recentActivityCount":0}
{"timestamp":"2026-01-04T06:29:38.611Z","userId":"695a02ed264ab71c8903ba0d","userEmail":"tiboryeahrock@gmail.com","diagQuizzesFound":1,"diagIds":["6959f9a7ad6c8d5b0fe649d7"],"hasDiag":false,"attemptsCount":0,"recentActivityCount":0}
{"timestamp":"2026-01-04T06:29:39.257Z","userId":"695a02ed264ab71c8903ba0d","userEmail":"tiboryeahrock@gmail.com","diagQuizzesFound":1,"diagIds":["6959f9a7ad6c8d5b0fe649d7"],"hasDiag":false,"attemptsCount":0,"recentActivityCount":0}
{"timestamp":"2026-01-04T06:32:50.823Z","userId":"695a02ed264ab71c8903ba0d","userEmail":"tiboryeahrock@gmail.com","diagQuizzesFound":1,"diagIds":["6959f9a7ad6c8d5b0fe649d7"],"hasDiag":false,"attemptsCount":0,"recentActivityCount":0}
{"timestamp":"2026-01-04T06:32:51.451Z","userId":"695a02ed264ab71c8903ba0d","userEmail":"tiboryeahrock@gmail.com","diagQuizzesFound":1,"diagIds":["6959f9a7ad6c8d5b0fe649d7"],"hasDiag":false,"attemptsCount":0,"recentActivityCount":0}
{"timestamp":"2026-01-04T06:33:46.030Z","userId":"695a02ed264ab71c8903ba0d","userEmail":"tiboryeahrock@gmail.com","diagQuizzesFound":1,"diagIds":["6959f9a7ad6c8d5b0fe649d7"],"hasDiag":false,"attemptsCount":0,"recentActivityCount":0}
{"timestamp":"2026-01-04T06:33:46.652Z","userId":"695a02ed264ab71c8903ba0d","userEmail":"tiboryeahrock@gmail.com","diagQuizzesFound":1,"diagIds":["6959f9a7ad6c8d5b0fe649d7"],"hasDiag":false,"attemptsCount":0,"recentActivityCount":0}
{"timestamp":"2026-01-04T06:33:48.423Z","userId":"695a02ed264ab71c8903ba0d","userEmail":"tiboryeahrock@gmail.com","diagQuizzesFound":1,"diagIds":["6959f9a7ad6c8d5b0fe649d7"],"hasDiag":false,"attemptsCount":0,"recentActivityCount":0}
{"timestamp":"2026-01-04T06:34:11.196Z","userId":"695a02ed264ab71c8903ba0d","userEmail":"tiboryeahrock@gmail.com","diagQuizzesFound":1,"diagIds":["6959f9a7ad6c8d5b0fe649d7"],"hasDiag":false,"attemptsCount":0,"recentActivityCount":0}
{"timestamp":"2026-01-04T06:34:11.816Z","userId":"695a02ed264ab71c8903ba0d","userEmail":"tiboryeahrock@gmail.com","diagQuizzesFound":1,"diagIds":["6959f9a7ad6c8d5b0fe649d7"],"hasDiag":false,"attemptsCount":0,"recentActivityCount":0}
{"timestamp":"2026-01-04T06:35:21.432Z","userId":"695a02ed264ab71c8903ba0d","userEmail":"tiboryeahrock@gmail.com","diagQuizzesFound":1,"diagIds":["6959f9a7ad6c8d5b0fe649d7"],"hasDiag":false,"attemptsCount":0,"recentActivityCount":0}
{"timestamp":"2026-01-04T06:35:22.060Z","userId":"695a02ed264ab71c8903ba0d","userEmail":"tiboryeahrock@gmail.com","diagQuizzesFound":1,"diagIds":["6959f9a7ad6c8d5b0fe649d7"],"hasDiag":false,"attemptsCount":0,"recentActivityCount":0}
{"timestamp":"2026-01-04T06:36:09.686Z","userId":"695a02ed264ab71c8903ba0d","userEmail":"tiboryeahrock@gmail.com","diagQuizzesFound":1,"diagIds":["6959f9a7ad6c8d5b0fe649d7"],"hasDiag":false,"attemptsCount":0,"recentActivityCount":0}
{"timestamp":"2026-01-04T06:36:10.305Z","userId":"695a02ed264ab71c8903ba0d","userEmail":"tiboryeahrock@gmail.com","diagQuizzesFound":1,"diagIds":["6959f9a7ad6c8d5b0fe649d7"],"hasDiag":false,"attemptsCount":0,"recentActivityCount":0}
{"timestamp":"2026-01-04T06:36:26.755Z","userId":"695a02ed264ab71c8903ba0d","userEmail":"tiboryeahrock@gmail.com","diagQuizzesFound":1,"diagIds":["6959f9a7ad6c8d5b0fe649d7"],"hasDiag":false,"attemptsCount":0,"recentActivityCount":0}
{"timestamp":"2026-01-04T06:36:27.379Z","userId":"695a02ed264ab71c8903ba0d","userEmail":"tiboryeahrock@gmail.com","diagQuizzesFound":1,"diagIds":["6959f9a7ad6c8d5b0fe649d7"],"hasDiag":false,"attemptsCount":0,"recentActivityCount":0}
{"timestamp":"2026-01-04T06:36:32.898Z","userId":"695a02ed264ab71c8903ba0d","userEmail":"tiboryeahrock@gmail.com","diagQuizzesFound":1,"diagIds":["6959f9a7ad6c8d5b0fe649d7"],"hasDiag":false,"attemptsCount":0,"recentActivityCount":0}
{"timestamp":"2026-01-04T06:36:33.299Z","userId":"695a02ed264ab71c8903ba0d","userEmail":"tiboryeahrock@gmail.com","diagQuizzesFound":1,"diagIds":["6959f9a7ad6c8d5b0fe649d7"],"hasDiag":false,"attemptsCount":0,"recentActivityCount":0}
{"timestamp":"2026-01-04T06:36:49.327Z","userId":"695a02ed264ab71c8903ba0d","userEmail":"tiboryeahrock@gmail.com","diagQuizzesFound":1,"diagIds":["6959f9a7ad6c8d5b0fe649d7"],"hasDiag":false,"attemptsCount":0,"recentActivityCount":0}
{"timestamp":"2026-01-04T06:36:49.947Z","userId":"695a02ed264ab71c8903ba0d","userEmail":"tiboryeahrock@gmail.com","diagQuizzesFound":1,"diagIds":["6959f9a7ad6c8d5b0fe649d7"],"hasDiag":false,"attemptsCount":0,"recentActivityCount":0}
{"timestamp":"2026-01-04T06:38:08.219Z","userId":"695a02ed264ab71c8903ba0d","userEmail":"tiboryeahrock@gmail.com","diagQuizzesFound":1,"diagIds":["6959f9a7ad6c8d5b0fe649d7"],"hasDiag":false,"attemptsCount":0,"recentActivityCount":0}
{"timestamp":"2026-01-04T06:38:08.884Z","userId":"695a02ed264ab71c8903ba0d","userEmail":"tiboryeahrock@gmail.com","diagQuizzesFound":1,"diagIds":["6959f9a7ad6c8d5b0fe649d7"],"hasDiag":false,"attemptsCount":0,"recentActivityCount":0}
{"timestamp":"2026-01-04T06:38:17.535Z","userId":"695a02ed264ab71c8903ba0d","userEmail":"tiboryeahrock@gmail.com","diagQuizzesFound":1,"diagIds":["6959f9a7ad6c8d5b0fe649d7"],"hasDiag":false,"attemptsCount":0,"recentActivityCount":0}
{"timestamp":"2026-01-04T06:38:20.488Z","userId":"695a02ed264ab71c8903ba0d","userEmail":"tiboryeahrock@gmail.com","diagQuizzesFound":1,"diagIds":["6959f9a7ad6c8d5b0fe649d7"],"hasDiag":false,"attemptsCount":0,"recentActivityCount":0}
{"timestamp":"2026-01-04T06:38:21.107Z","userId":"695a02ed264ab71c8903ba0d","userEmail":"tiboryeahrock@gmail.com","diagQuizzesFound":1,"diagIds":["6959f9a7ad6c8d5b0fe649d7"],"hasDiag":false,"attemptsCount":0,"recentActivityCount":0}
{"timestamp":"2026-01-04T06:38:36.268Z","userId":"695a02ed264ab71c8903ba0d","userEmail":"tiboryeahrock@gmail.com","diagQuizzesFound":1,"diagIds":["6959f9a7ad6c8d5b0fe649d7"],"hasDiag":false,"attemptsCount":0,"recentActivityCount":0}
{"timestamp":"2026-01-04T06:38:36.889Z","userId":"695a02ed264ab71c8903ba0d","userEmail":"tiboryeahrock@gmail.com","diagQuizzesFound":1,"diagIds":["6959f9a7ad6c8d5b0fe649d7"],"hasDiag":false,"attemptsCount":0,"recentActivityCount":0}
{"timestamp":"2026-01-04T06:38:39.033Z","userId":"695a02ed264ab71c8903ba0d","userEmail":"tiboryeahrock@gmail.com","diagQuizzesFound":1,"diagIds":["6959f9a7ad6c8d5b0fe649d7"],"hasDiag":false,"attemptsCount":0,"recentActivityCount":0}
{"timestamp":"2026-01-04T06:38:39.665Z","userId":"695a02ed264ab71c8903ba0d","userEmail":"tiboryeahrock@gmail.com","diagQuizzesFound":1,"diagIds":["6959f9a7ad6c8d5b0fe649d7"],"hasDiag":false,"attemptsCount":0,"recentActivityCount":0}
{"timestamp":"2026-01-04T06:39:52.833Z","userId":"695a02ed264ab71c8903ba0d","userEmail":"tiboryeahrock@gmail.com","diagQuizzesFound":1,"diagIds":["6959f9a7ad6c8d5b0fe649d7"],"hasDiag":false,"attemptsCount":0,"recentActivityCount":0}
{"timestamp":"2026-01-04T06:39:53.452Z","userId":"695a02ed264ab71c8903ba0d","userEmail":"tiboryeahrock@gmail.com","diagQuizzesFound":1,"diagIds":["6959f9a7ad6c8d5b0fe649d7"],"hasDiag":false,"attemptsCount":0,"recentActivityCount":0}
{"timestamp":"2026-01-04T06:40:37.649Z","userId":"695a02ed264ab71c8903ba0d","userEmail":"tiboryeahrock@gmail.com","diagQuizzesFound":1,"diagIds":["6959f9a7ad6c8d5b0fe649d7"],"hasDiag":false,"attemptsCount":0,"recentActivityCount":0}
{"timestamp":"2026-01-04T06:40:37.650Z","userId":"695a02ed264ab71c8903ba0d","userEmail":"tiboryeahrock@gmail.com","diagQuizzesFound":1,"diagIds":["6959f9a7ad6c8d5b0fe649d7"],"hasDiag":false,"attemptsCount":0,"recentActivityCount":0}
{"timestamp":"2026-01-04T06:41:52.960Z","userId":"695a02ed264ab71c8903ba0d","userEmail":"tiboryeahrock@gmail.com","diagQuizzesFound":1,"diagIds":["6959f9a7ad6c8d5b0fe649d7"],"hasDiag":false,"attemptsCount":0,"recentActivityCount":0}
{"timestamp":"2026-01-04T06:41:53.581Z","userId":"695a02ed264ab71c8903ba0d","userEmail":"tiboryeahrock@gmail.com","diagQuizzesFound":1,"diagIds":["6959f9a7ad6c8d5b0fe649d7"],"hasDiag":false,"attemptsCount":0,"recentActivityCount":0}
{"timestamp":"2026-01-04T06:42:01.432Z","userId":"695a02ed264ab71c8903ba0d","userEmail":"tiboryeahrock@gmail.com","diagQuizzesFound":1,"diagIds":["6959f9a7ad6c8d5b0fe649d7"],"hasDiag":false,"attemptsCount":0,"recentActivityCount":0}
{"timestamp":"2026-01-04T06:42:02.051Z","userId":"695a02ed264ab71c8903ba0d","userEmail":"tiboryeahrock@gmail.com","diagQuizzesFound":1,"diagIds":["6959f9a7ad6c8d5b0fe649d7"],"hasDiag":false,"attemptsCount":0,"recentActivityCount":0}
{"timestamp":"2026-01-04T06:43:18.736Z","userId":"695a02ed264ab71c8903ba0d","userEmail":"tiboryeahrock@gmail.com","diagQuizzesFound":1,"diagIds":["6959f9a7ad6c8d5b0fe649d7"],"hasDiag":false,"attemptsCount":0,"recentActivityCount":0}
{"timestamp":"2026-01-04T06:43:19.354Z","userId":"695a02ed264ab71c8903ba0d","userEmail":"tiboryeahrock@gmail.com","diagQuizzesFound":1,"diagIds":["6959f9a7ad6c8d5b0fe649d7"],"hasDiag":false,"attemptsCount":0,"recentActivityCount":0}
{"timestamp":"2026-01-04T06:43:31.728Z","userId":"695993c93cb2af054489eea1","userEmail":"admin@example.com","diagQuizzesFound":1,"diagIds":["6959f9a7ad6c8d5b0fe649d7"],"hasDiag":true,"bestScore":100,"attemptsCount":39,"recentActivityCount":5}
{"timestamp":"2026-01-04T06:43:32.357Z","userId":"695993c93cb2af054489eea1","userEmail":"admin@example.com","diagQuizzesFound":1,"diagIds":["6959f9a7ad6c8d5b0fe649d7"],"hasDiag":true,"bestScore":100,"attemptsCount":39,"recentActivityCount":5}
{"timestamp":"2026-01-04T06:44:05.940Z","userId":"695993c93cb2af054489eea1","userEmail":"admin@example.com","diagQuizzesFound":1,"diagIds":["6959f9a7ad6c8d5b0fe649d7"],"hasDiag":true,"bestScore":100,"attemptsCount":39,"recentActivityCount":5}
{"timestamp":"2026-01-04T06:44:06.347Z","userId":"695993c93cb2af054489eea1","userEmail":"admin@example.com","diagQuizzesFound":1,"diagIds":["6959f9a7ad6c8d5b0fe649d7"],"hasDiag":true,"bestScore":100,"attemptsCount":39,"recentActivityCount":5}
{"timestamp":"2026-01-04T06:44:20.692Z","userId":"695993c93cb2af054489eea1","userEmail":"admin@example.com","diagQuizzesFound":1,"diagIds":["6959f9a7ad6c8d5b0fe649d7"],"hasDiag":true,"bestScore":100,"attemptsCount":39,"recentActivityCount":5}
{"timestamp":"2026-01-04T06:44:21.315Z","userId":"695993c93cb2af054489eea1","userEmail":"admin@example.com","diagQuizzesFound":1,"diagIds":["6959f9a7ad6c8d5b0fe649d7"],"hasDiag":true,"bestScore":100,"attemptsCount":39,"recentActivityCount":5}
{"timestamp":"2026-01-04T06:52:50.444Z","userId":"695993c93cb2af054489eea1","userEmail":"admin@example.com","diagQuizzesFound":1,"diagIds":["6959f9a7ad6c8d5b0fe649d7"],"hasDiag":true,"bestScore":100,"attemptsCount":39,"recentActivityCount":5}
{"timestamp":"2026-01-04T06:52:50.445Z","userId":"695993c93cb2af054489eea1","userEmail":"admin@example.com","diagQuizzesFound":1,"diagIds":["6959f9a7ad6c8d5b0fe649d7"],"hasDiag":true,"bestScore":100,"attemptsCount":39,"recentActivityCount":5}
{"timestamp":"2026-01-04T06:53:55.388Z","userId":"695993c93cb2af054489eea1","userEmail":"admin@example.com","diagQuizzesFound":1,"diagIds":["6959f9a7ad6c8d5b0fe649d7"],"hasDiag":true,"bestScore":100,"attemptsCount":39,"recentActivityCount":5}
{"timestamp":"2026-01-04T06:53:55.399Z","userId":"695993c93cb2af054489eea1","userEmail":"admin@example.com","diagQuizzesFound":1,"diagIds":["6959f9a7ad6c8d5b0fe649d7"],"hasDiag":true,"bestScore":100,"attemptsCount":39,"recentActivityCount":5}
{"timestamp":"2026-01-04T06:54:43.654Z","userId":"695993c93cb2af054489eea1","userEmail":"admin@example.com","diagQuizzesFound":1,"diagIds":["6959f9a7ad6c8d5b0fe649d7"],"hasDiag":true,"bestScore":100,"attemptsCount":39,"recentActivityCount":5}
{"timestamp":"2026-01-04T06:54:44.276Z","userId":"695993c93cb2af054489eea1","userEmail":"admin@example.com","diagQuizzesFound":1,"diagIds":["6959f9a7ad6c8d5b0fe649d7"],"hasDiag":true,"bestScore":100,"attemptsCount":39,"recentActivityCount":5}
{"timestamp":"2026-01-04T06:56:38.500Z","userId":"695993c93cb2af054489eea1","userEmail":"admin@example.com","diagQuizzesFound":1,"diagIds":["6959f9a7ad6c8d5b0fe649d7"],"hasDiag":true,"bestScore":100,"attemptsCount":39,"recentActivityCount":5}
{"timestamp":"2026-01-04T06:56:39.136Z","userId":"695993c93cb2af054489eea1","userEmail":"admin@example.com","diagQuizzesFound":1,"diagIds":["6959f9a7ad6c8d5b0fe649d7"],"hasDiag":true,"bestScore":100,"attemptsCount":39,"recentActivityCount":5}
{"timestamp":"2026-01-04T06:59:57.652Z","userId":"695993c93cb2af054489eea1","userEmail":"admin@example.com","diagQuizzesFound":1,"diagIds":["6959f9a7ad6c8d5b0fe649d7"],"hasDiag":true,"bestScore":100,"attemptsCount":39,"recentActivityCount":5}
{"timestamp":"2026-01-04T06:59:58.274Z","userId":"695993c93cb2af054489eea1","userEmail":"admin@example.com","diagQuizzesFound":1,"diagIds":["6959f9a7ad6c8d5b0fe649d7"],"hasDiag":true,"bestScore":100,"attemptsCount":39,"recentActivityCount":5}
{"timestamp":"2026-01-04T07:01:56.247Z","userId":"695993c93cb2af054489eea1","userEmail":"admin@example.com","diagQuizzesFound":1,"diagIds":["6959f9a7ad6c8d5b0fe649d7"],"hasDiag":true,"bestScore":100,"attemptsCount":39,"recentActivityCount":5}
{"timestamp":"2026-01-04T07:01:56.648Z","userId":"695993c93cb2af054489eea1","userEmail":"admin@example.com","diagQuizzesFound":1,"diagIds":["6959f9a7ad6c8d5b0fe649d7"],"hasDiag":true,"bestScore":100,"attemptsCount":39,"recentActivityCount":5}
{"timestamp":"2026-01-04T07:02:08.273Z","userId":"695a02ed264ab71c8903ba0d","userEmail":"tiboryeahrock@gmail.com","diagQuizzesFound":1,"diagIds":["6959f9a7ad6c8d5b0fe649d7"],"hasDiag":false,"attemptsCount":0,"recentActivityCount":0}
{"timestamp":"2026-01-04T07:02:08.894Z","userId":"695a02ed264ab71c8903ba0d","userEmail":"tiboryeahrock@gmail.com","diagQuizzesFound":1,"diagIds":["6959f9a7ad6c8d5b0fe649d7"],"hasDiag":false,"attemptsCount":0,"recentActivityCount":0}
{"timestamp":"2026-01-04T07:02:28.484Z","userId":"695a02ed264ab71c8903ba0d","userEmail":"tiboryeahrock@gmail.com","diagQuizzesFound":1,"diagIds":["6959f9a7ad6c8d5b0fe649d7"],"hasDiag":false,"attemptsCount":0,"recentActivityCount":0}
{"timestamp":"2026-01-04T07:02:29.108Z","userId":"695a02ed264ab71c8903ba0d","userEmail":"tiboryeahrock@gmail.com","diagQuizzesFound":1,"diagIds":["6959f9a7ad6c8d5b0fe649d7"],"hasDiag":false,"attemptsCount":0,"recentActivityCount":0}
{"timestamp":"2026-01-04T07:15:40.608Z","userId":"695a02ed264ab71c8903ba0d","userEmail":"tiboryeahrock@gmail.com","diagQuizzesFound":1,"diagIds":["6959f9a7ad6c8d5b0fe649d7"],"hasDiag":false,"attemptsCount":0,"recentActivityCount":0}
{"timestamp":"2026-01-04T07:15:41.231Z","userId":"695a02ed264ab71c8903ba0d","userEmail":"tiboryeahrock@gmail.com","diagQuizzesFound":1,"diagIds":["6959f9a7ad6c8d5b0fe649d7"],"hasDiag":false,"attemptsCount":0,"recentActivityCount":0}
{"timestamp":"2026-01-04T07:41:03.168Z","userId":"695a02ed264ab71c8903ba0d","userEmail":"tiboryeahrock@gmail.com","diagQuizzesFound":1,"diagIds":["6959f9a7ad6c8d5b0fe649d7"],"hasDiag":false,"attemptsCount":0,"recentActivityCount":0}
{"timestamp":"2026-01-04T07:41:03.869Z","userId":"695a02ed264ab71c8903ba0d","userEmail":"tiboryeahrock@gmail.com","diagQuizzesFound":1,"diagIds":["6959f9a7ad6c8d5b0fe649d7"],"hasDiag":false,"attemptsCount":0,"recentActivityCount":0}
{"timestamp":"2026-01-04T07:46:38.589Z","userId":"695a02ed264ab71c8903ba0d","userEmail":"tiboryeahrock@gmail.com","diagQuizzesFound":1,"diagIds":["6959f9a7ad6c8d5b0fe649d7"],"hasDiag":false,"attemptsCount":0,"recentActivityCount":0}
{"timestamp":"2026-01-04T07:46:39.222Z","userId":"695a02ed264ab71c8903ba0d","userEmail":"tiboryeahrock@gmail.com","diagQuizzesFound":1,"diagIds":["6959f9a7ad6c8d5b0fe649d7"],"hasDiag":false,"attemptsCount":0,"recentActivityCount":0}
{"timestamp":"2026-01-04T08:40:19.618Z","userId":"695a02ed264ab71c8903ba0d","userEmail":"tiboryeahrock@gmail.com","diagQuizzesFound":1,"diagIds":["6959f9a7ad6c8d5b0fe649d7"],"hasDiag":false,"attemptsCount":0,"recentActivityCount":0}
{"timestamp":"2026-01-04T08:40:20.252Z","userId":"695a02ed264ab71c8903ba0d","userEmail":"tiboryeahrock@gmail.com","diagQuizzesFound":1,"diagIds":["6959f9a7ad6c8d5b0fe649d7"],"hasDiag":false,"attemptsCount":0,"recentActivityCount":0}
{"timestamp":"2026-01-04T08:40:26.585Z","userId":"695a02ed264ab71c8903ba0d","userEmail":"tiboryeahrock@gmail.com","diagQuizzesFound":1,"diagIds":["6959f9a7ad6c8d5b0fe649d7"],"hasDiag":false,"attemptsCount":0,"recentActivityCount":0}
{"timestamp":"2026-01-04T08:40:26.982Z","userId":"695a02ed264ab71c8903ba0d","userEmail":"tiboryeahrock@gmail.com","diagQuizzesFound":1,"diagIds":["6959f9a7ad6c8d5b0fe649d7"],"hasDiag":false,"attemptsCount":0,"recentActivityCount":0}
{"timestamp":"2026-01-04T08:41:50.861Z","userId":"695a02ed264ab71c8903ba0d","userEmail":"tiboryeahrock@gmail.com","diagQuizzesFound":1,"diagIds":["6959f9a7ad6c8d5b0fe649d7"],"hasDiag":false,"attemptsCount":0,"recentActivityCount":0}
{"timestamp":"2026-01-04T08:41:51.486Z","userId":"695a02ed264ab71c8903ba0d","userEmail":"tiboryeahrock@gmail.com","diagQuizzesFound":1,"diagIds":["6959f9a7ad6c8d5b0fe649d7"],"hasDiag":false,"attemptsCount":0,"recentActivityCount":0}
{"timestamp":"2026-01-04T08:42:16.025Z","userId":"695a02ed264ab71c8903ba0d","userEmail":"tiboryeahrock@gmail.com","diagQuizzesFound":1,"diagIds":["6959f9a7ad6c8d5b0fe649d7"],"hasDiag":false,"attemptsCount":0,"recentActivityCount":0}
{"timestamp":"2026-01-04T08:42:16.648Z","userId":"695a02ed264ab71c8903ba0d","userEmail":"tiboryeahrock@gmail.com","diagQuizzesFound":1,"diagIds":["6959f9a7ad6c8d5b0fe649d7"],"hasDiag":false,"attemptsCount":0,"recentActivityCount":0}
{"timestamp":"2026-01-04T08:43:04.067Z","userId":"695a02ed264ab71c8903ba0d","userEmail":"tiboryeahrock@gmail.com","diagQuizzesFound":1,"diagIds":["6959f9a7ad6c8d5b0fe649d7"],"hasDiag":false,"attemptsCount":0,"recentActivityCount":0}
{"timestamp":"2026-01-04T08:43:04.695Z","userId":"695a02ed264ab71c8903ba0d","userEmail":"tiboryeahrock@gmail.com","diagQuizzesFound":1,"diagIds":["6959f9a7ad6c8d5b0fe649d7"],"hasDiag":false,"attemptsCount":0,"recentActivityCount":0}
{"timestamp":"2026-01-04T08:45:59.707Z","userId":"695a02ed264ab71c8903ba0d","userEmail":"tiboryeahrock@gmail.com","diagQuizzesFound":1,"diagIds":["6959f9a7ad6c8d5b0fe649d7"],"hasDiag":false,"attemptsCount":0,"recentActivityCount":0}
{"timestamp":"2026-01-04T08:46:00.331Z","userId":"695a02ed264ab71c8903ba0d","userEmail":"tiboryeahrock@gmail.com","diagQuizzesFound":1,"diagIds":["6959f9a7ad6c8d5b0fe649d7"],"hasDiag":false,"attemptsCount":0,"recentActivityCount":0}
{"timestamp":"2026-01-04T08:46:31.419Z","userId":"695a02ed264ab71c8903ba0d","userEmail":"tiboryeahrock@gmail.com","diagQuizzesFound":1,"diagIds":["6959f9a7ad6c8d5b0fe649d7"],"hasDiag":false,"attemptsCount":0,"recentActivityCount":0}
{"timestamp":"2026-01-04T08:46:32.048Z","userId":"695a02ed264ab71c8903ba0d","userEmail":"tiboryeahrock@gmail.com","diagQuizzesFound":1,"diagIds":["6959f9a7ad6c8d5b0fe649d7"],"hasDiag":false,"attemptsCount":0,"recentActivityCount":0}
